<?xml version="1.0" encoding="UTF-8"?>
<testsuite name="com.seunggyu.book.springboot.web.PostsApiControllerTest" tests="2" skipped="0" failures="0" errors="0" timestamp="2022-08-09T11:34:36" hostname="DESKTOP-TFMLSIU" time="0.122">
  <properties/>
  <testcase name="Posts_등록된다()" classname="com.seunggyu.book.springboot.web.PostsApiControllerTest" time="0.077"/>
  <testcase name="Posts_수정된다()" classname="com.seunggyu.book.springboot.web.PostsApiControllerTest" time="0.044"/>
  <system-out><![CDATA[2022-08-09 20:34:36.934  INFO 13776 --- [    Test worker] .b.t.c.SpringBootTestContextBootstrapper : Neither @ContextConfiguration nor @ContextHierarchy found for test class [com.seunggyu.book.springboot.web.PostsApiControllerTest], using SpringBootContextLoader
2022-08-09 20:34:36.936  INFO 13776 --- [    Test worker] o.s.t.c.support.AbstractContextLoader    : Could not detect default resource locations for test class [com.seunggyu.book.springboot.web.PostsApiControllerTest]: no resource found for suffixes {-context.xml, Context.groovy}.
2022-08-09 20:34:36.936  INFO 13776 --- [    Test worker] t.c.s.AnnotationConfigContextLoaderUtils : Could not detect default configuration classes for test class [com.seunggyu.book.springboot.web.PostsApiControllerTest]: PostsApiControllerTest does not declare any static, non-private, non-final, nested classes annotated with @Configuration.
2022-08-09 20:34:36.938  INFO 13776 --- [    Test worker] .b.t.c.SpringBootTestContextBootstrapper : Found @SpringBootConfiguration com.seunggyu.book.springboot.Application for test class com.seunggyu.book.springboot.web.PostsApiControllerTest
2022-08-09 20:34:36.940  INFO 13776 --- [    Test worker] .b.t.c.SpringBootTestContextBootstrapper : Loaded default TestExecutionListener class names from location [META-INF/spring.factories]: [org.springframework.security.test.context.support.WithSecurityContextTestExecutionListener, org.springframework.security.test.context.support.ReactorContextTestExecutionListener, org.springframework.boot.test.autoconfigure.restdocs.RestDocsTestExecutionListener, org.springframework.boot.test.autoconfigure.web.client.MockRestServiceServerResetTestExecutionListener, org.springframework.boot.test.autoconfigure.web.servlet.MockMvcPrintOnlyOnFailureTestExecutionListener, org.springframework.boot.test.autoconfigure.web.servlet.WebDriverTestExecutionListener, org.springframework.boot.test.autoconfigure.webservices.client.MockWebServiceServerTestExecutionListener, org.springframework.boot.test.mock.mockito.MockitoTestExecutionListener, org.springframework.boot.test.mock.mockito.ResetMocksTestExecutionListener, org.springframework.test.context.web.ServletTestExecutionListener, org.springframework.test.context.support.DirtiesContextBeforeModesTestExecutionListener, org.springframework.test.context.support.DependencyInjectionTestExecutionListener, org.springframework.test.context.support.DirtiesContextTestExecutionListener, org.springframework.test.context.transaction.TransactionalTestExecutionListener, org.springframework.test.context.jdbc.SqlScriptsTestExecutionListener, org.springframework.test.context.event.EventPublishingTestExecutionListener]
2022-08-09 20:34:36.941  INFO 13776 --- [    Test worker] .b.t.c.SpringBootTestContextBootstrapper : Using TestExecutionListeners: [org.springframework.test.context.web.ServletTestExecutionListener@7083e548, org.springframework.test.context.support.DirtiesContextBeforeModesTestExecutionListener@1f315f3d, org.springframework.boot.test.mock.mockito.MockitoTestExecutionListener@63f1d374, org.springframework.boot.test.autoconfigure.SpringBootDependencyInjectionTestExecutionListener@54ad9ff9, org.springframework.test.context.support.DirtiesContextTestExecutionListener@3b6b9981, org.springframework.test.context.transaction.TransactionalTestExecutionListener@2eb6e166, org.springframework.test.context.jdbc.SqlScriptsTestExecutionListener@43b1fdb7, org.springframework.security.test.context.support.WithSecurityContextTestExecutionListener@7bdbf06f, org.springframework.test.context.event.EventPublishingTestExecutionListener@1c1bc904, org.springframework.security.test.context.support.ReactorContextTestExecutionListener@53fa630, org.springframework.boot.test.autoconfigure.restdocs.RestDocsTestExecutionListener@49afaf65, org.springframework.boot.test.autoconfigure.web.client.MockRestServiceServerResetTestExecutionListener@6d5376b7, org.springframework.boot.test.autoconfigure.web.servlet.MockMvcPrintOnlyOnFailureTestExecutionListener@2fc2d1f0, org.springframework.boot.test.autoconfigure.web.servlet.WebDriverTestExecutionListener@57b4fc1e, org.springframework.boot.test.autoconfigure.webservices.client.MockWebServiceServerTestExecutionListener@6354a50a, org.springframework.boot.test.mock.mockito.ResetMocksTestExecutionListener@15c48119]
2022-08-09 20:34:36.953  INFO 13776 --- [    Test worker] o.a.c.c.C.[Tomcat].[localhost].[/]       : Initializing Spring TestDispatcherServlet ''
2022-08-09 20:34:36.953  INFO 13776 --- [    Test worker] o.s.t.web.servlet.TestDispatcherServlet  : Initializing Servlet ''
2022-08-09 20:34:36.955  INFO 13776 --- [    Test worker] o.s.t.web.servlet.TestDispatcherServlet  : Completed initialization in 1 ms
Hibernate: insert into posts (created_date, modified_date, author, content, title) values (?, ?, ?, ?, ?)
Hibernate: select posts0_.id as id1_0_, posts0_.created_date as created_2_0_, posts0_.modified_date as modified3_0_, posts0_.author as author4_0_, posts0_.content as content5_0_, posts0_.title as title6_0_ from posts posts0_
Hibernate: select posts0_.id as id1_0_, posts0_.created_date as created_2_0_, posts0_.modified_date as modified3_0_, posts0_.author as author4_0_, posts0_.content as content5_0_, posts0_.title as title6_0_ from posts posts0_
Hibernate: delete from posts where id=?
2022-08-09 20:34:37.029  INFO 13776 --- [    Test worker] o.a.c.c.C.[Tomcat].[localhost].[/]       : Initializing Spring TestDispatcherServlet ''
2022-08-09 20:34:37.029  INFO 13776 --- [    Test worker] o.s.t.web.servlet.TestDispatcherServlet  : Initializing Servlet ''
2022-08-09 20:34:37.030  INFO 13776 --- [    Test worker] o.s.t.web.servlet.TestDispatcherServlet  : Completed initialization in 1 ms
Hibernate: insert into posts (created_date, modified_date, author, content, title) values (?, ?, ?, ?, ?)
Hibernate: select posts0_.id as id1_0_0_, posts0_.created_date as created_2_0_0_, posts0_.modified_date as modified3_0_0_, posts0_.author as author4_0_0_, posts0_.content as content5_0_0_, posts0_.title as title6_0_0_ from posts posts0_ where posts0_.id=?
Hibernate: update posts set created_date=?, modified_date=?, author=?, content=?, title=? where id=?
Hibernate: select posts0_.id as id1_0_, posts0_.created_date as created_2_0_, posts0_.modified_date as modified3_0_, posts0_.author as author4_0_, posts0_.content as content5_0_, posts0_.title as title6_0_ from posts posts0_
Hibernate: select posts0_.id as id1_0_, posts0_.created_date as created_2_0_, posts0_.modified_date as modified3_0_, posts0_.author as author4_0_, posts0_.content as content5_0_, posts0_.title as title6_0_ from posts posts0_
Hibernate: delete from posts where id=?
]]></system-out>
  <system-err><![CDATA[]]></system-err>
</testsuite>
