<?xml version="1.0" encoding="UTF-8"?>
<testsuite name="com.seunggyu.book.springboot.web.HelloControllerTest" tests="2" skipped="0" failures="0" errors="0" timestamp="2022-08-25T08:33:04" hostname="DESKTOP-TFMLSIU" time="0.276">
  <properties/>
  <testcase name="hello가_리턴된다()" classname="com.seunggyu.book.springboot.web.HelloControllerTest" time="0.109"/>
  <testcase name="helloDto가_리턴된다()" classname="com.seunggyu.book.springboot.web.HelloControllerTest" time="0.164"/>
  <system-out><![CDATA[2022-08-25 17:33:02.953  INFO 12680 --- [    Test worker] .b.t.a.w.s.WebMvcTestContextBootstrapper : Neither @ContextConfiguration nor @ContextHierarchy found for test class [com.seunggyu.book.springboot.web.HelloControllerTest], using SpringBootContextLoader
2022-08-25 17:33:02.955  INFO 12680 --- [    Test worker] o.s.t.c.support.AbstractContextLoader    : Could not detect default resource locations for test class [com.seunggyu.book.springboot.web.HelloControllerTest]: no resource found for suffixes {-context.xml, Context.groovy}.
2022-08-25 17:33:02.955  INFO 12680 --- [    Test worker] t.c.s.AnnotationConfigContextLoaderUtils : Could not detect default configuration classes for test class [com.seunggyu.book.springboot.web.HelloControllerTest]: HelloControllerTest does not declare any static, non-private, non-final, nested classes annotated with @Configuration.
2022-08-25 17:33:02.983  INFO 12680 --- [    Test worker] .b.t.c.SpringBootTestContextBootstrapper : Found @SpringBootConfiguration com.seunggyu.book.springboot.Application for test class com.seunggyu.book.springboot.web.HelloControllerTest
2022-08-25 17:33:02.985  INFO 12680 --- [    Test worker] .b.t.a.w.s.WebMvcTestContextBootstrapper : Loaded default TestExecutionListener class names from location [META-INF/spring.factories]: [org.springframework.security.test.context.support.WithSecurityContextTestExecutionListener, org.springframework.security.test.context.support.ReactorContextTestExecutionListener, org.springframework.boot.test.autoconfigure.restdocs.RestDocsTestExecutionListener, org.springframework.boot.test.autoconfigure.web.client.MockRestServiceServerResetTestExecutionListener, org.springframework.boot.test.autoconfigure.web.servlet.MockMvcPrintOnlyOnFailureTestExecutionListener, org.springframework.boot.test.autoconfigure.web.servlet.WebDriverTestExecutionListener, org.springframework.boot.test.autoconfigure.webservices.client.MockWebServiceServerTestExecutionListener, org.springframework.boot.test.mock.mockito.MockitoTestExecutionListener, org.springframework.boot.test.mock.mockito.ResetMocksTestExecutionListener, org.springframework.test.context.web.ServletTestExecutionListener, org.springframework.test.context.support.DirtiesContextBeforeModesTestExecutionListener, org.springframework.test.context.support.DependencyInjectionTestExecutionListener, org.springframework.test.context.support.DirtiesContextTestExecutionListener, org.springframework.test.context.transaction.TransactionalTestExecutionListener, org.springframework.test.context.jdbc.SqlScriptsTestExecutionListener, org.springframework.test.context.event.EventPublishingTestExecutionListener]
2022-08-25 17:33:02.987  INFO 12680 --- [    Test worker] .b.t.a.w.s.WebMvcTestContextBootstrapper : Using TestExecutionListeners: [org.springframework.test.context.web.ServletTestExecutionListener@e74300b, org.springframework.test.context.support.DirtiesContextBeforeModesTestExecutionListener@1aade3c, org.springframework.boot.test.mock.mockito.MockitoTestExecutionListener@7d8a5ec7, org.springframework.boot.test.autoconfigure.SpringBootDependencyInjectionTestExecutionListener@76a1cc1a, org.springframework.test.context.support.DirtiesContextTestExecutionListener@597a5ead, org.springframework.test.context.transaction.TransactionalTestExecutionListener@e763080, org.springframework.test.context.jdbc.SqlScriptsTestExecutionListener@21252bef, org.springframework.security.test.context.support.WithSecurityContextTestExecutionListener@599cf2cd, org.springframework.test.context.event.EventPublishingTestExecutionListener@52984065, org.springframework.security.test.context.support.ReactorContextTestExecutionListener@6dd59886, org.springframework.boot.test.autoconfigure.restdocs.RestDocsTestExecutionListener@65a7bc80, org.springframework.boot.test.autoconfigure.web.client.MockRestServiceServerResetTestExecutionListener@5b132063, org.springframework.boot.test.autoconfigure.web.servlet.MockMvcPrintOnlyOnFailureTestExecutionListener@4b98c80c, org.springframework.boot.test.autoconfigure.web.servlet.WebDriverTestExecutionListener@a486851, org.springframework.boot.test.autoconfigure.webservices.client.MockWebServiceServerTestExecutionListener@52539624, org.springframework.boot.test.mock.mockito.ResetMocksTestExecutionListener@1001b435]

  .   ____          _            __ _ _
 /\\ / ___'_ __ _ _(_)_ __  __ _ \ \ \ \
( ( )\___ | '_ | '_| | '_ \/ _` | \ \ \ \
 \\/  ___)| |_)| | | | | || (_| |  ) ) ) )
  '  |____| .__|_| |_|_| |_\__, | / / / /
 =========|_|==============|___/=/_/_/_/
 :: Spring Boot ::                (v2.4.1)

2022-08-25 17:33:03.041  INFO 12680 --- [    Test worker] c.s.b.s.web.HelloControllerTest          : Starting HelloControllerTest using Java 18.0.2 on DESKTOP-TFMLSIU with PID 12680 (started by Psg in C:\Users\Psg\Desktop\dev\Spring\springboot2-aws-webservice)
2022-08-25 17:33:03.043  INFO 12680 --- [    Test worker] c.s.b.s.web.HelloControllerTest          : No active profile set, falling back to default profiles: default
2022-08-25 17:33:03.606  INFO 12680 --- [    Test worker] o.s.s.concurrent.ThreadPoolTaskExecutor  : Initializing ExecutorService 'applicationTaskExecutor'
2022-08-25 17:33:03.638  INFO 12680 --- [    Test worker] o.s.b.a.w.s.WelcomePageHandlerMapping    : Adding welcome page template: index
2022-08-25 17:33:03.966  INFO 12680 --- [    Test worker] o.s.s.web.DefaultSecurityFilterChain     : Will secure any request with [org.springframework.security.web.context.request.async.WebAsyncManagerIntegrationFilter@3eb6d7a9, org.springframework.security.web.context.SecurityContextPersistenceFilter@4a9b4d4e, org.springframework.security.web.header.HeaderWriterFilter@581f1f40, org.springframework.security.web.csrf.CsrfFilter@10b063fd, org.springframework.security.web.authentication.logout.LogoutFilter@6c3830ed, org.springframework.security.oauth2.client.web.OAuth2AuthorizationRequestRedirectFilter@441d3ddf, org.springframework.security.oauth2.client.web.OAuth2AuthorizationRequestRedirectFilter@7e584f3c, org.springframework.security.oauth2.client.web.OAuth2LoginAuthenticationFilter@420c9959, org.springframework.security.web.authentication.ui.DefaultLoginPageGeneratingFilter@32a541a8, org.springframework.security.web.authentication.ui.DefaultLogoutPageGeneratingFilter@345f4e0d, org.springframework.security.web.savedrequest.RequestCacheAwareFilter@18f8c76d, org.springframework.security.web.servletapi.SecurityContextHolderAwareRequestFilter@383d2e2d, org.springframework.security.web.authentication.AnonymousAuthenticationFilter@1c3eeda4, org.springframework.security.oauth2.client.web.OAuth2AuthorizationCodeGrantFilter@683218c8, org.springframework.security.web.session.SessionManagementFilter@52b2c255, org.springframework.security.web.access.ExceptionTranslationFilter@4ba32242, org.springframework.security.web.access.intercept.FilterSecurityInterceptor@65689000]
2022-08-25 17:33:04.106  INFO 12680 --- [    Test worker] o.s.b.t.m.w.SpringBootMockServletContext : Initializing Spring TestDispatcherServlet ''
2022-08-25 17:33:04.106  INFO 12680 --- [    Test worker] o.s.t.web.servlet.TestDispatcherServlet  : Initializing Servlet ''
2022-08-25 17:33:04.109  INFO 12680 --- [    Test worker] o.s.t.web.servlet.TestDispatcherServlet  : Completed initialization in 2 ms
2022-08-25 17:33:04.134  INFO 12680 --- [    Test worker] c.s.b.s.web.HelloControllerTest          : Started HelloControllerTest in 1.142 seconds (JVM running for 14.037)
]]></system-out>
  <system-err><![CDATA[]]></system-err>
</testsuite>
