<?xml version="1.0" encoding="UTF-8"?>
<testsuite name="com.seunggyu.book.springboot.domain.posts.PostsRepositoryTest" tests="1" skipped="0" failures="0" errors="0" timestamp="2022-08-02T18:18:07" hostname="DESKTOP-TFMLSIU" time="0.567">
  <properties/>
  <testcase name="BaseTimeEntity_등록()" classname="com.seunggyu.book.springboot.domain.posts.PostsRepositoryTest" time="0.567"/>
  <system-out><![CDATA[03:18:02.231 [Test worker] DEBUG org.springframework.test.context.BootstrapUtils - Instantiating CacheAwareContextLoaderDelegate from class [org.springframework.test.context.cache.DefaultCacheAwareContextLoaderDelegate]
03:18:02.246 [Test worker] DEBUG org.springframework.test.context.BootstrapUtils - Instantiating BootstrapContext using constructor [public org.springframework.test.context.support.DefaultBootstrapContext(java.lang.Class,org.springframework.test.context.CacheAwareContextLoaderDelegate)]
03:18:02.294 [Test worker] DEBUG org.springframework.test.context.BootstrapUtils - Instantiating TestContextBootstrapper for test class [com.seunggyu.book.springboot.domain.posts.PostsRepositoryTest] from class [org.springframework.boot.test.context.SpringBootTestContextBootstrapper]
03:18:02.309 [Test worker] INFO org.springframework.boot.test.context.SpringBootTestContextBootstrapper - Neither @ContextConfiguration nor @ContextHierarchy found for test class [com.seunggyu.book.springboot.domain.posts.PostsRepositoryTest], using SpringBootContextLoader
03:18:02.314 [Test worker] DEBUG org.springframework.test.context.support.AbstractContextLoader - Did not detect default resource location for test class [com.seunggyu.book.springboot.domain.posts.PostsRepositoryTest]: class path resource [com/seunggyu/book/springboot/domain/posts/PostsRepositoryTest-context.xml] does not exist
03:18:02.315 [Test worker] DEBUG org.springframework.test.context.support.AbstractContextLoader - Did not detect default resource location for test class [com.seunggyu.book.springboot.domain.posts.PostsRepositoryTest]: class path resource [com/seunggyu/book/springboot/domain/posts/PostsRepositoryTestContext.groovy] does not exist
03:18:02.315 [Test worker] INFO org.springframework.test.context.support.AbstractContextLoader - Could not detect default resource locations for test class [com.seunggyu.book.springboot.domain.posts.PostsRepositoryTest]: no resource found for suffixes {-context.xml, Context.groovy}.
03:18:02.317 [Test worker] INFO org.springframework.test.context.support.AnnotationConfigContextLoaderUtils - Could not detect default configuration classes for test class [com.seunggyu.book.springboot.domain.posts.PostsRepositoryTest]: PostsRepositoryTest does not declare any static, non-private, non-final, nested classes annotated with @Configuration.
03:18:02.371 [Test worker] DEBUG org.springframework.test.context.support.ActiveProfilesUtils - Could not find an 'annotation declaring class' for annotation type [org.springframework.test.context.ActiveProfiles] and class [com.seunggyu.book.springboot.domain.posts.PostsRepositoryTest]
03:18:02.475 [Test worker] DEBUG org.springframework.context.annotation.ClassPathScanningCandidateComponentProvider - Identified candidate component class: file [C:\Users\Psg\Desktop\dev\Spring\springboot2-aws-webservice\build\classes\java\main\com\seunggyu\book\springboot\Application.class]
03:18:02.476 [Test worker] INFO org.springframework.boot.test.context.SpringBootTestContextBootstrapper - Found @SpringBootConfiguration com.seunggyu.book.springboot.Application for test class com.seunggyu.book.springboot.domain.posts.PostsRepositoryTest
03:18:02.595 [Test worker] DEBUG org.springframework.boot.test.context.SpringBootTestContextBootstrapper - @TestExecutionListeners is not present for class [com.seunggyu.book.springboot.domain.posts.PostsRepositoryTest]: using defaults.
03:18:02.595 [Test worker] INFO org.springframework.boot.test.context.SpringBootTestContextBootstrapper - Loaded default TestExecutionListener class names from location [META-INF/spring.factories]: [org.springframework.boot.test.autoconfigure.restdocs.RestDocsTestExecutionListener, org.springframework.boot.test.autoconfigure.web.client.MockRestServiceServerResetTestExecutionListener, org.springframework.boot.test.autoconfigure.web.servlet.MockMvcPrintOnlyOnFailureTestExecutionListener, org.springframework.boot.test.autoconfigure.web.servlet.WebDriverTestExecutionListener, org.springframework.boot.test.autoconfigure.webservices.client.MockWebServiceServerTestExecutionListener, org.springframework.boot.test.mock.mockito.MockitoTestExecutionListener, org.springframework.boot.test.mock.mockito.ResetMocksTestExecutionListener, org.springframework.test.context.web.ServletTestExecutionListener, org.springframework.test.context.support.DirtiesContextBeforeModesTestExecutionListener, org.springframework.test.context.support.DependencyInjectionTestExecutionListener, org.springframework.test.context.support.DirtiesContextTestExecutionListener, org.springframework.test.context.transaction.TransactionalTestExecutionListener, org.springframework.test.context.jdbc.SqlScriptsTestExecutionListener, org.springframework.test.context.event.EventPublishingTestExecutionListener]
03:18:02.618 [Test worker] INFO org.springframework.boot.test.context.SpringBootTestContextBootstrapper - Using TestExecutionListeners: [org.springframework.test.context.web.ServletTestExecutionListener@7651218e, org.springframework.test.context.support.DirtiesContextBeforeModesTestExecutionListener@3185fa6b, org.springframework.boot.test.mock.mockito.MockitoTestExecutionListener@6d366c9b, org.springframework.boot.test.autoconfigure.SpringBootDependencyInjectionTestExecutionListener@5b58ed3c, org.springframework.test.context.support.DirtiesContextTestExecutionListener@24faea88, org.springframework.test.context.transaction.TransactionalTestExecutionListener@3a320ade, org.springframework.test.context.jdbc.SqlScriptsTestExecutionListener@64beebb7, org.springframework.test.context.event.EventPublishingTestExecutionListener@7813cb11, org.springframework.boot.test.autoconfigure.restdocs.RestDocsTestExecutionListener@bcec031, org.springframework.boot.test.autoconfigure.web.client.MockRestServiceServerResetTestExecutionListener@21005f6c, org.springframework.boot.test.autoconfigure.web.servlet.MockMvcPrintOnlyOnFailureTestExecutionListener@32f0fba8, org.springframework.boot.test.autoconfigure.web.servlet.WebDriverTestExecutionListener@545de5a4, org.springframework.boot.test.autoconfigure.webservices.client.MockWebServiceServerTestExecutionListener@29ef6856, org.springframework.boot.test.mock.mockito.ResetMocksTestExecutionListener@ab7a938]
03:18:02.622 [Test worker] DEBUG org.springframework.test.context.support.AbstractDirtiesContextTestExecutionListener - Before test class: context [DefaultTestContext@25ddbbbb testClass = PostsRepositoryTest, testInstance = [null], testMethod = [null], testException = [null], mergedContextConfiguration = [WebMergedContextConfiguration@1536602f testClass = PostsRepositoryTest, locations = '{}', classes = '{class com.seunggyu.book.springboot.Application}', contextInitializerClasses = '[]', activeProfiles = '{}', propertySourceLocations = '{}', propertySourceProperties = '{org.springframework.boot.test.context.SpringBootTestContextBootstrapper=true}', contextCustomizers = set[org.springframework.boot.test.autoconfigure.actuate.metrics.MetricsExportContextCustomizerFactory$DisableMetricExportContextCustomizer@30af5b6b, org.springframework.boot.test.autoconfigure.properties.PropertyMappingContextCustomizer@0, org.springframework.boot.test.autoconfigure.web.servlet.WebDriverContextCustomizerFactory$Customizer@16ce702d, org.springframework.boot.test.context.filter.ExcludeFilterContextCustomizer@3a5ecce3, org.springframework.boot.test.json.DuplicateJsonObjectContextCustomizerFactory$DuplicateJsonObjectContextCustomizer@6138e79a, org.springframework.boot.test.mock.mockito.MockitoContextCustomizer@0, org.springframework.boot.test.web.client.TestRestTemplateContextCustomizer@403f0a22, org.springframework.boot.test.context.SpringBootTestArgs@1, org.springframework.boot.test.context.SpringBootTestWebEnvironment@212b5695], resourceBasePath = 'src/main/webapp', contextLoader = 'org.springframework.boot.test.context.SpringBootContextLoader', parent = [null]], attributes = map['org.springframework.test.context.web.ServletTestExecutionListener.activateListener' -> true]], class annotated with @DirtiesContext [false] with mode [null].
03:18:02.659 [Test worker] DEBUG org.springframework.test.context.support.TestPropertySourceUtils - Adding inlined properties to environment: {spring.jmx.enabled=false, org.springframework.boot.test.context.SpringBootTestContextBootstrapper=true}

  .   ____          _            __ _ _
 /\\ / ___'_ __ _ _(_)_ __  __ _ \ \ \ \
( ( )\___ | '_ | '_| | '_ \/ _` | \ \ \ \
 \\/  ___)| |_)| | | | | || (_| |  ) ) ) )
  '  |____| .__|_| |_|_| |_\__, | / / / /
 =========|_|==============|___/=/_/_/_/
 :: Spring Boot ::                (v2.4.1)

2022-08-03 03:18:02.952  INFO 11848 --- [    Test worker] c.s.b.s.d.posts.PostsRepositoryTest      : Starting PostsRepositoryTest using Java 18.0.2 on DESKTOP-TFMLSIU with PID 11848 (started by Psg in C:\Users\Psg\Desktop\dev\Spring\springboot2-aws-webservice)
2022-08-03 03:18:02.956  INFO 11848 --- [    Test worker] c.s.b.s.d.posts.PostsRepositoryTest      : No active profile set, falling back to default profiles: default
2022-08-03 03:18:03.889  INFO 11848 --- [    Test worker] .s.d.r.c.RepositoryConfigurationDelegate : Bootstrapping Spring Data JPA repositories in DEFAULT mode.
2022-08-03 03:18:03.954  INFO 11848 --- [    Test worker] .s.d.r.c.RepositoryConfigurationDelegate : Finished Spring Data repository scanning in 56 ms. Found 1 JPA repository interfaces.
2022-08-03 03:18:04.630  INFO 11848 --- [    Test worker] com.zaxxer.hikari.HikariDataSource       : HikariPool-1 - Starting...
2022-08-03 03:18:04.856  INFO 11848 --- [    Test worker] com.zaxxer.hikari.HikariDataSource       : HikariPool-1 - Start completed.
2022-08-03 03:18:04.951  INFO 11848 --- [    Test worker] o.hibernate.jpa.internal.util.LogHelper  : HHH000204: Processing PersistenceUnitInfo [name: default]
2022-08-03 03:18:05.013  INFO 11848 --- [    Test worker] org.hibernate.Version                    : HHH000412: Hibernate ORM core version 5.4.25.Final
2022-08-03 03:18:05.175  INFO 11848 --- [    Test worker] o.hibernate.annotations.common.Version   : HCANN000001: Hibernate Commons Annotations {5.1.2.Final}
2022-08-03 03:18:05.378  INFO 11848 --- [    Test worker] org.hibernate.dialect.Dialect            : HHH000400: Using dialect: org.hibernate.dialect.H2Dialect
2022-08-03 03:18:06.118  INFO 11848 --- [    Test worker] o.h.e.t.j.p.i.JtaPlatformInitiator       : HHH000490: Using JtaPlatform implementation: [org.hibernate.engine.transaction.jta.platform.internal.NoJtaPlatform]
2022-08-03 03:18:06.127  INFO 11848 --- [    Test worker] j.LocalContainerEntityManagerFactoryBean : Initialized JPA EntityManagerFactory for persistence unit 'default'
2022-08-03 03:18:06.853  WARN 11848 --- [    Test worker] JpaBaseConfiguration$JpaWebConfiguration : spring.jpa.open-in-view is enabled by default. Therefore, database queries may be performed during view rendering. Explicitly configure spring.jpa.open-in-view to disable this warning
2022-08-03 03:18:07.135  INFO 11848 --- [    Test worker] o.s.s.concurrent.ThreadPoolTaskExecutor  : Initializing ExecutorService 'applicationTaskExecutor'
2022-08-03 03:18:07.583  INFO 11848 --- [    Test worker] c.s.b.s.d.posts.PostsRepositoryTest      : Started PostsRepositoryTest in 4.916 seconds (JVM running for 7.438)
>>>>>> createDate = 2022-08-03T03:18:07.870190, modifiedDate = 2022-08-03T03:18:07.870190
]]></system-out>
  <system-err><![CDATA[]]></system-err>
</testsuite>
