<?xml version="1.0" encoding="UTF-8"?>
<testsuite name="com.seunggyu.book.springboot.web.dto.HelloResponseDtoTest" tests="1" skipped="0" failures="0" errors="0" timestamp="2022-08-25T08:33:11" hostname="DESKTOP-TFMLSIU" time="0.011">
  <properties/>
  <testcase name="롬복_기능_테스트()" classname="com.seunggyu.book.springboot.web.dto.HelloResponseDtoTest" time="0.011"/>
  <system-out><![CDATA[]]></system-out>
  <system-err><![CDATA[]]></system-err>
</testsuite>
