<?xml version="1.0" encoding="UTF-8"?>
<testsuite name="com.seunggyu.book.springboot.web.IndexControllerTest" tests="1" skipped="0" failures="0" errors="0" timestamp="2022-08-25T08:33:10" hostname="DESKTOP-TFMLSIU" time="0.418">
  <properties/>
  <testcase name="메인페이지_로딩()" classname="com.seunggyu.book.springboot.web.IndexControllerTest" time="0.418"/>
  <system-out><![CDATA[2022-08-25 17:33:04.423  INFO 12680 --- [    Test worker] .b.t.c.SpringBootTestContextBootstrapper : Neither @ContextConfiguration nor @ContextHierarchy found for test class [com.seunggyu.book.springboot.web.IndexControllerTest], using SpringBootContextLoader
2022-08-25 17:33:04.424  INFO 12680 --- [    Test worker] o.s.t.c.support.AbstractContextLoader    : Could not detect default resource locations for test class [com.seunggyu.book.springboot.web.IndexControllerTest]: no resource found for suffixes {-context.xml, Context.groovy}.
2022-08-25 17:33:04.425  INFO 12680 --- [    Test worker] t.c.s.AnnotationConfigContextLoaderUtils : Could not detect default configuration classes for test class [com.seunggyu.book.springboot.web.IndexControllerTest]: IndexControllerTest does not declare any static, non-private, non-final, nested classes annotated with @Configuration.
2022-08-25 17:33:04.428  INFO 12680 --- [    Test worker] .b.t.c.SpringBootTestContextBootstrapper : Found @SpringBootConfiguration com.seunggyu.book.springboot.Application for test class com.seunggyu.book.springboot.web.IndexControllerTest
2022-08-25 17:33:04.430  INFO 12680 --- [    Test worker] .b.t.c.SpringBootTestContextBootstrapper : Loaded default TestExecutionListener class names from location [META-INF/spring.factories]: [org.springframework.security.test.context.support.WithSecurityContextTestExecutionListener, org.springframework.security.test.context.support.ReactorContextTestExecutionListener, org.springframework.boot.test.autoconfigure.restdocs.RestDocsTestExecutionListener, org.springframework.boot.test.autoconfigure.web.client.MockRestServiceServerResetTestExecutionListener, org.springframework.boot.test.autoconfigure.web.servlet.MockMvcPrintOnlyOnFailureTestExecutionListener, org.springframework.boot.test.autoconfigure.web.servlet.WebDriverTestExecutionListener, org.springframework.boot.test.autoconfigure.webservices.client.MockWebServiceServerTestExecutionListener, org.springframework.boot.test.mock.mockito.MockitoTestExecutionListener, org.springframework.boot.test.mock.mockito.ResetMocksTestExecutionListener, org.springframework.test.context.web.ServletTestExecutionListener, org.springframework.test.context.support.DirtiesContextBeforeModesTestExecutionListener, org.springframework.test.context.support.DependencyInjectionTestExecutionListener, org.springframework.test.context.support.DirtiesContextTestExecutionListener, org.springframework.test.context.transaction.TransactionalTestExecutionListener, org.springframework.test.context.jdbc.SqlScriptsTestExecutionListener, org.springframework.test.context.event.EventPublishingTestExecutionListener]
2022-08-25 17:33:04.432  INFO 12680 --- [    Test worker] .b.t.c.SpringBootTestContextBootstrapper : Using TestExecutionListeners: [org.springframework.test.context.web.ServletTestExecutionListener@a8ef0c2, org.springframework.test.context.support.DirtiesContextBeforeModesTestExecutionListener@46c5747f, org.springframework.boot.test.mock.mockito.MockitoTestExecutionListener@6eaa8abf, org.springframework.boot.test.autoconfigure.SpringBootDependencyInjectionTestExecutionListener@4fe91eed, org.springframework.test.context.support.DirtiesContextTestExecutionListener@329cef32, org.springframework.test.context.transaction.TransactionalTestExecutionListener@5f171392, org.springframework.test.context.jdbc.SqlScriptsTestExecutionListener@655295bd, org.springframework.security.test.context.support.WithSecurityContextTestExecutionListener@62cbe18c, org.springframework.test.context.event.EventPublishingTestExecutionListener@377b7798, org.springframework.security.test.context.support.ReactorContextTestExecutionListener@50177966, org.springframework.boot.test.autoconfigure.restdocs.RestDocsTestExecutionListener@2199e1a4, org.springframework.boot.test.autoconfigure.web.client.MockRestServiceServerResetTestExecutionListener@1c63b39a, org.springframework.boot.test.autoconfigure.web.servlet.MockMvcPrintOnlyOnFailureTestExecutionListener@7048d039, org.springframework.boot.test.autoconfigure.web.servlet.WebDriverTestExecutionListener@1bff4b1f, org.springframework.boot.test.autoconfigure.webservices.client.MockWebServiceServerTestExecutionListener@75051d05, org.springframework.boot.test.mock.mockito.ResetMocksTestExecutionListener@747b8f5c]

  .   ____          _            __ _ _
 /\\ / ___'_ __ _ _(_)_ __  __ _ \ \ \ \
( ( )\___ | '_ | '_| | '_ \/ _` | \ \ \ \
 \\/  ___)| |_)| | | | | || (_| |  ) ) ) )
  '  |____| .__|_| |_|_| |_\__, | / / / /
 =========|_|==============|___/=/_/_/_/
 :: Spring Boot ::                (v2.4.1)

2022-08-25 17:33:04.470  INFO 12680 --- [    Test worker] c.s.b.s.web.IndexControllerTest          : Starting IndexControllerTest using Java 18.0.2 on DESKTOP-TFMLSIU with PID 12680 (started by Psg in C:\Users\Psg\Desktop\dev\Spring\springboot2-aws-webservice)
2022-08-25 17:33:04.471  INFO 12680 --- [    Test worker] c.s.b.s.web.IndexControllerTest          : No active profile set, falling back to default profiles: default
2022-08-25 17:33:04.715  INFO 12680 --- [    Test worker] .s.d.r.c.RepositoryConfigurationDelegate : Bootstrapping Spring Data JPA repositories in DEFAULT mode.
2022-08-25 17:33:04.733  INFO 12680 --- [    Test worker] .s.d.r.c.RepositoryConfigurationDelegate : Finished Spring Data repository scanning in 18 ms. Found 2 JPA repository interfaces.
2022-08-25 17:33:05.085  INFO 12680 --- [    Test worker] o.s.b.w.embedded.tomcat.TomcatWebServer  : Tomcat initialized with port(s): 0 (http)
2022-08-25 17:33:05.111  INFO 12680 --- [    Test worker] o.apache.catalina.core.StandardService   : Starting service [Tomcat]
2022-08-25 17:33:05.112  INFO 12680 --- [    Test worker] org.apache.catalina.core.StandardEngine  : Starting Servlet engine: [Apache Tomcat/9.0.41]
2022-08-25 17:33:05.284  INFO 12680 --- [    Test worker] o.a.c.c.C.[Tomcat].[localhost].[/]       : Initializing Spring embedded WebApplicationContext
2022-08-25 17:33:05.284  INFO 12680 --- [    Test worker] w.s.c.ServletWebServerApplicationContext : Root WebApplicationContext: initialization completed in 810 ms
2022-08-25 17:33:05.359  INFO 12680 --- [    Test worker] com.zaxxer.hikari.HikariDataSource       : HikariPool-2 - Starting...
2022-08-25 17:33:05.361  INFO 12680 --- [    Test worker] com.zaxxer.hikari.HikariDataSource       : HikariPool-2 - Start completed.
2022-08-25 17:33:05.362  INFO 12680 --- [    Test worker] o.s.b.a.h2.H2ConsoleAutoConfiguration    : H2 console available at '/h2-console'. Database available at 'jdbc:h2:mem:testdb'
2022-08-25 17:33:05.787  INFO 12680 --- [    Test worker] o.hibernate.jpa.internal.util.LogHelper  : HHH000204: Processing PersistenceUnitInfo [name: default]
2022-08-25 17:33:06.003  INFO 12680 --- [    Test worker] org.hibernate.dialect.Dialect            : HHH000400: Using dialect: org.hibernate.dialect.MySQL57Dialect
Hibernate: drop table if exists posts
Hibernate: drop table if exists user
Hibernate: create table posts (id bigint not null auto_increment, created_date datetime(6), modified_date datetime(6), author varchar(255), content TEXT not null, title varchar(500) not null, primary key (id)) engine=InnoDB
Hibernate: create table user (id bigint not null auto_increment, created_date datetime(6), modified_date datetime(6), email varchar(255) not null, name varchar(255) not null, picture varchar(255), role varchar(255) not null, primary key (id)) engine=InnoDB
2022-08-25 17:33:06.561  INFO 12680 --- [    Test worker] o.h.e.t.j.p.i.JtaPlatformInitiator       : HHH000490: Using JtaPlatform implementation: [org.hibernate.engine.transaction.jta.platform.internal.NoJtaPlatform]
2022-08-25 17:33:06.562  INFO 12680 --- [    Test worker] j.LocalContainerEntityManagerFactoryBean : Initialized JPA EntityManagerFactory for persistence unit 'default'
2022-08-25 17:33:08.014  WARN 12680 --- [    Test worker] JpaBaseConfiguration$JpaWebConfiguration : spring.jpa.open-in-view is enabled by default. Therefore, database queries may be performed during view rendering. Explicitly configure spring.jpa.open-in-view to disable this warning
2022-08-25 17:33:09.146  INFO 12680 --- [    Test worker] o.s.s.web.DefaultSecurityFilterChain     : Will secure any request with [org.springframework.security.web.context.request.async.WebAsyncManagerIntegrationFilter@6316b9e3, org.springframework.security.web.context.SecurityContextPersistenceFilter@1b0709e7, org.springframework.security.web.header.HeaderWriterFilter@4ee8ea84, org.springframework.security.web.authentication.logout.LogoutFilter@46e2a773, org.springframework.security.oauth2.client.web.OAuth2AuthorizationRequestRedirectFilter@17e96b3c, org.springframework.security.oauth2.client.web.OAuth2LoginAuthenticationFilter@2d63534d, org.springframework.security.web.authentication.ui.DefaultLoginPageGeneratingFilter@4f1150f5, org.springframework.security.web.authentication.ui.DefaultLogoutPageGeneratingFilter@186f7553, org.springframework.security.web.savedrequest.RequestCacheAwareFilter@1e368085, org.springframework.security.web.servletapi.SecurityContextHolderAwareRequestFilter@1703e50d, org.springframework.security.web.authentication.AnonymousAuthenticationFilter@44835de9, org.springframework.security.web.session.SessionManagementFilter@76e5d5e5, org.springframework.security.web.access.ExceptionTranslationFilter@b41ceac, org.springframework.security.web.access.intercept.FilterSecurityInterceptor@4d96c290]
2022-08-25 17:33:09.812  INFO 12680 --- [    Test worker] o.s.s.concurrent.ThreadPoolTaskExecutor  : Initializing ExecutorService 'applicationTaskExecutor'
2022-08-25 17:33:09.895  INFO 12680 --- [    Test worker] o.s.b.a.w.s.WelcomePageHandlerMapping    : Adding welcome page template: index
2022-08-25 17:33:10.636  INFO 12680 --- [    Test worker] o.s.b.w.embedded.tomcat.TomcatWebServer  : Tomcat started on port(s): 52100 (http) with context path ''
2022-08-25 17:33:10.646  INFO 12680 --- [    Test worker] s.a.ScheduledAnnotationBeanPostProcessor : No TaskScheduler/ScheduledExecutorService bean found for scheduled processing
2022-08-25 17:33:10.652  INFO 12680 --- [    Test worker] c.s.b.s.web.IndexControllerTest          : Started IndexControllerTest in 6.214 seconds (JVM running for 20.555)
2022-08-25 17:33:10.872  INFO 12680 --- [o-auto-1-exec-1] o.a.c.c.C.[Tomcat].[localhost].[/]       : Initializing Spring DispatcherServlet 'dispatcherServlet'
2022-08-25 17:33:10.873  INFO 12680 --- [o-auto-1-exec-1] o.s.web.servlet.DispatcherServlet        : Initializing Servlet 'dispatcherServlet'
2022-08-25 17:33:10.875  INFO 12680 --- [o-auto-1-exec-1] o.s.web.servlet.DispatcherServlet        : Completed initialization in 2 ms
Hibernate: select posts0_.id as id1_0_, posts0_.created_date as created_2_0_, posts0_.modified_date as modified3_0_, posts0_.author as author4_0_, posts0_.content as content5_0_, posts0_.title as title6_0_ from posts posts0_ order by posts0_.id DESC
]]></system-out>
  <system-err><![CDATA[]]></system-err>
</testsuite>
